<?xml version="1.0" encoding="UTF-8"?>
<!-- Generated by org.testng.reporters.JUnitReportReporter -->
<testsuite hostname="DESKTOP-7SBKKJ1" failures="0" tests="1" name="mergeSMR_North_Zone.Youtube" time="2.459" errors="0" timestamp="2024-12-13T11:52:26 IST" skipped="0">
  <testcase classname="mergeSMR_North_Zone.Youtube" name="Dealer_Parent_Group_Wise" time="2.459"/>
  <system-out/>
</testsuite> <!-- mergeSMR_North_Zone.Youtube -->
