<?xml version="1.0" encoding="UTF-8"?>
<!-- Generated by org.testng.reporters.JUnitReportReporter -->
<testsuite hostname="DESKTOP-7SBKKJ1" failures="0" tests="9" name="PSf_Static_Report_and_Call_Dispostion.checkPSF_NPS_data_In_dashboard" time="73.120" errors="0" timestamp="2024-12-05T14:26:19 IST" skipped="0">
  <testcase classname="PSf_Static_Report_and_Call_Dispostion.checkPSF_NPS_data_In_dashboard" name="Username" time="1.539"/>
  <system-out/>
  <testcase classname="PSf_Static_Report_and_Call_Dispostion.checkPSF_NPS_data_In_dashboard" name="Password" time="1.468"/>
  <system-out/>
  <testcase classname="PSf_Static_Report_and_Call_Dispostion.checkPSF_NPS_data_In_dashboard" name="Captcha" time="2.265"/>
  <system-out/>
  <testcase classname="PSf_Static_Report_and_Call_Dispostion.checkPSF_NPS_data_In_dashboard" name="SUBMIT_Button" time="2.213"/>
  <system-out/>
  <testcase classname="PSf_Static_Report_and_Call_Dispostion.checkPSF_NPS_data_In_dashboard" name="Click_On_PSF" time="24.859"/>
  <system-out/>
  <testcase classname="PSf_Static_Report_and_Call_Dispostion.checkPSF_NPS_data_In_dashboard" name="Remove_PouP" time="0.695"/>
  <system-out/>
  <testcase classname="PSf_Static_Report_and_Call_Dispostion.checkPSF_NPS_data_In_dashboard" name="Click_On_Dashboard" time="0.568"/>
  <system-out/>
  <testcase classname="PSf_Static_Report_and_Call_Dispostion.checkPSF_NPS_data_In_dashboard" name="Click_On_NPS_Dashboard" time="16.136"/>
  <system-out/>
  <testcase classname="PSf_Static_Report_and_Call_Dispostion.checkPSF_NPS_data_In_dashboard" name="Data_Check_Of_NPS_Dashboard" time="23.377"/>
  <system-out/>
</testsuite> <!-- PSf_Static_Report_and_Call_Dispostion.checkPSF_NPS_data_In_dashboard -->
