<?xml version="1.0" encoding="UTF-8"?>
<!-- Generated by org.testng.reporters.JUnitReportReporter -->
<testsuite hostname="DESKTOP-7SBKKJ1" failures="0" tests="8" name="SMR_Call_Dispostion_Data_Check_And_CCM_Reports.CCM_UserList_Reports" time="46.056" errors="0" timestamp="2024-12-03T18:12:17 IST" skipped="0">
  <testcase classname="SMR_Call_Dispostion_Data_Check_And_CCM_Reports.CCM_UserList_Reports" name="Username" time="1.370"/>
  <system-out/>
  <testcase classname="SMR_Call_Dispostion_Data_Check_And_CCM_Reports.CCM_UserList_Reports" name="Password" time="1.423"/>
  <system-out/>
  <testcase classname="SMR_Call_Dispostion_Data_Check_And_CCM_Reports.CCM_UserList_Reports" name="Captcha" time="2.272"/>
  <system-out/>
  <testcase classname="SMR_Call_Dispostion_Data_Check_And_CCM_Reports.CCM_UserList_Reports" name="SUBMIT_Button" time="2.195"/>
  <system-out/>
  <testcase classname="SMR_Call_Dispostion_Data_Check_And_CCM_Reports.CCM_UserList_Reports" name="Click_On_SMR" time="18.543"/>
  <system-out/>
  <testcase classname="SMR_Call_Dispostion_Data_Check_And_CCM_Reports.CCM_UserList_Reports" name="Click_Reports" time="1.102"/>
  <system-out/>
  <testcase classname="SMR_Call_Dispostion_Data_Check_And_CCM_Reports.CCM_UserList_Reports" name="Click_On_USER_LIST_REPORT" time="16.115"/>
  <system-out/>
  <testcase classname="SMR_Call_Dispostion_Data_Check_And_CCM_Reports.CCM_UserList_Reports" name="Data_Verification_User_List" time="3.036"/>
  <system-out/>
</testsuite> <!-- SMR_Call_Dispostion_Data_Check_And_CCM_Reports.CCM_UserList_Reports -->
