<?xml version="1.0" encoding="UTF-8"?>
<!-- Generated by org.testng.reporters.JUnitReportReporter -->
<testsuite hostname="DESKTOP-7SBKKJ1" failures="0" tests="8" name="USER_Admin_Reports.Data_Allocation_Report" time="13.985" errors="0" timestamp="2024-12-11T18:24:34 IST" skipped="0">
  <testcase classname="USER_Admin_Reports.Data_Allocation_Report" name="Username" time="0.820"/>
  <system-out/>
  <testcase classname="USER_Admin_Reports.Data_Allocation_Report" name="Password" time="0.945"/>
  <system-out/>
  <testcase classname="USER_Admin_Reports.Data_Allocation_Report" name="Captcha" time="0.760"/>
  <system-out/>
  <testcase classname="USER_Admin_Reports.Data_Allocation_Report" name="SUBMIT_Button" time="0.221"/>
  <system-out/>
  <testcase classname="USER_Admin_Reports.Data_Allocation_Report" name="Remove_PouP" time="0.695"/>
  <system-out/>
  <testcase classname="USER_Admin_Reports.Data_Allocation_Report" name="Click_On_Reports" time="8.481"/>
  <system-out/>
  <testcase classname="USER_Admin_Reports.Data_Allocation_Report" name="Click_On_Data_Allocation_Reports" time="0.088"/>
  <system-out/>
  <testcase classname="USER_Admin_Reports.Data_Allocation_Report" name="Verify_Data_Allocation_Reports_Data" time="1.975"/>
  <system-out/>
</testsuite> <!-- USER_Admin_Reports.Data_Allocation_Report -->
