<?xml version="1.0" encoding="UTF-8"?>
<!-- Generated by org.testng.reporters.JUnitReportReporter -->
<testsuite hostname="DESKTOP-7SBKKJ1" failures="0" tests="8" name="USER_Admin_Reports.Allocation_rule_log" time="11.231" errors="0" timestamp="2024-12-11T18:24:34 IST" skipped="0">
  <testcase classname="USER_Admin_Reports.Allocation_rule_log" name="Username" time="0.833"/>
  <system-out/>
  <testcase classname="USER_Admin_Reports.Allocation_rule_log" name="Password" time="0.927"/>
  <system-out/>
  <testcase classname="USER_Admin_Reports.Allocation_rule_log" name="Captcha" time="0.738"/>
  <system-out/>
  <testcase classname="USER_Admin_Reports.Allocation_rule_log" name="SUBMIT_Button" time="0.176"/>
  <system-out/>
  <testcase classname="USER_Admin_Reports.Allocation_rule_log" name="Remove_PouP" time="0.652"/>
  <system-out/>
  <testcase classname="USER_Admin_Reports.Allocation_rule_log" name="Click_On_Reports" time="5.250"/>
  <system-out/>
  <testcase classname="USER_Admin_Reports.Allocation_rule_log" name="Click_On_Allocation_rule_log" time="0.138"/>
  <system-out/>
  <testcase classname="USER_Admin_Reports.Allocation_rule_log" name="Verify_Allocation_rule_log_Data" time="2.517"/>
  <system-out/>
</testsuite> <!-- USER_Admin_Reports.Allocation_rule_log -->
