<?xml version="1.0" encoding="UTF-8"?>
<!-- Generated by org.testng.reporters.JUnitReportReporter -->
<testsuite hostname="DESKTOP-7SBKKJ1" failures="0" tests="7" name="PSf_Static_Report_and_Call_Dispostion.Number_Busy_of_Service_Rating" time="72.443" errors="0" timestamp="2024-12-05T14:26:19 IST" skipped="0">
  <testcase classname="PSf_Static_Report_and_Call_Dispostion.Number_Busy_of_Service_Rating" name="Username" time="1.342"/>
  <system-out/>
  <testcase classname="PSf_Static_Report_and_Call_Dispostion.Number_Busy_of_Service_Rating" name="Password" time="1.383"/>
  <system-out/>
  <testcase classname="PSf_Static_Report_and_Call_Dispostion.Number_Busy_of_Service_Rating" name="Captcha" time="2.300"/>
  <system-out/>
  <testcase classname="PSf_Static_Report_and_Call_Dispostion.Number_Busy_of_Service_Rating" name="SUBMIT_Button" time="2.234"/>
  <system-out/>
  <testcase classname="PSf_Static_Report_and_Call_Dispostion.Number_Busy_of_Service_Rating" name="Click_On_PSF" time="23.476"/>
  <system-out/>
  <testcase classname="PSf_Static_Report_and_Call_Dispostion.Number_Busy_of_Service_Rating" name="Remove_PouP" time="0.677"/>
  <system-out/>
  <testcase classname="PSf_Static_Report_and_Call_Dispostion.Number_Busy_of_Service_Rating" name="PSF_Calibration_Due" time="41.031"/>
  <system-out/>
</testsuite> <!-- PSf_Static_Report_and_Call_Dispostion.Number_Busy_of_Service_Rating -->
