<?xml version="1.0" encoding="UTF-8"?>
<!-- Generated by org.testng.reporters.JUnitReportReporter -->
<testsuite hostname="DESKTOP-7SBKKJ1" failures="0" tests="7" name="SMR_Call_Dispostion_Data_Check_And_CCM_Reports.REFUSE_FOR_SERVICE_Service_Already_Done" time="125.664" errors="0" timestamp="2024-12-03T18:12:18 IST" skipped="0">
  <testcase classname="SMR_Call_Dispostion_Data_Check_And_CCM_Reports.REFUSE_FOR_SERVICE_Service_Already_Done" name="Username" time="0.931"/>
  <system-out/>
  <testcase classname="SMR_Call_Dispostion_Data_Check_And_CCM_Reports.REFUSE_FOR_SERVICE_Service_Already_Done" name="Password" time="1.151"/>
  <system-out/>
  <testcase classname="SMR_Call_Dispostion_Data_Check_And_CCM_Reports.REFUSE_FOR_SERVICE_Service_Already_Done" name="Captcha" time="3.251"/>
  <system-out/>
  <testcase classname="SMR_Call_Dispostion_Data_Check_And_CCM_Reports.REFUSE_FOR_SERVICE_Service_Already_Done" name="SUBMIT_Button" time="16.239"/>
  <system-out/>
  <testcase classname="SMR_Call_Dispostion_Data_Check_And_CCM_Reports.REFUSE_FOR_SERVICE_Service_Already_Done" name="Click_On_MY_Leads" time="18.754"/>
  <system-out/>
  <testcase classname="SMR_Call_Dispostion_Data_Check_And_CCM_Reports.REFUSE_FOR_SERVICE_Service_Already_Done" name="Remove_PouP" time="0.702"/>
  <system-out/>
  <testcase classname="SMR_Call_Dispostion_Data_Check_And_CCM_Reports.REFUSE_FOR_SERVICE_Service_Already_Done" name="click_On_first_Customer" time="84.636"/>
  <system-out/>
</testsuite> <!-- SMR_Call_Dispostion_Data_Check_And_CCM_Reports.REFUSE_FOR_SERVICE_Service_Already_Done -->
