<?xml version="1.0" encoding="UTF-8"?>
<!-- Generated by org.testng.reporters.JUnitReportReporter -->
<testsuite hostname="DESKTOP-7SBKKJ1" failures="0" tests="9" name="PSf_Static_Report_and_Call_Dispostion.Allocation_Rule_Log" time="38.288" errors="0" timestamp="2024-12-05T14:26:19 IST" skipped="0">
  <testcase classname="PSf_Static_Report_and_Call_Dispostion.Allocation_Rule_Log" name="Username" time="1.355"/>
  <system-out/>
  <testcase classname="PSf_Static_Report_and_Call_Dispostion.Allocation_Rule_Log" name="Password" time="1.412"/>
  <system-out/>
  <testcase classname="PSf_Static_Report_and_Call_Dispostion.Allocation_Rule_Log" name="Captcha" time="2.247"/>
  <system-out/>
  <testcase classname="PSf_Static_Report_and_Call_Dispostion.Allocation_Rule_Log" name="SUBMIT_Button" time="2.230"/>
  <system-out/>
  <testcase classname="PSf_Static_Report_and_Call_Dispostion.Allocation_Rule_Log" name="Click_On_PSF" time="24.125"/>
  <system-out/>
  <testcase classname="PSf_Static_Report_and_Call_Dispostion.Allocation_Rule_Log" name="Remove_PouP" time="0.640"/>
  <system-out/>
  <testcase classname="PSf_Static_Report_and_Call_Dispostion.Allocation_Rule_Log" name="Click_On_Static_Reports" time="1.120"/>
  <system-out/>
  <testcase classname="PSf_Static_Report_and_Call_Dispostion.Allocation_Rule_Log" name="Click_On_Allocation_Rule_Log" time="5.112"/>
  <system-out/>
  <testcase classname="PSf_Static_Report_and_Call_Dispostion.Allocation_Rule_Log" name="Data_Check_Of_Allocation_Rule_Log" time="0.047"/>
  <system-out/>
</testsuite> <!-- PSf_Static_Report_and_Call_Dispostion.Allocation_Rule_Log -->
