<?xml version="1.0" encoding="UTF-8"?>
<!-- Generated by org.testng.reporters.JUnitReportReporter -->
<testsuite hostname="DESKTOP-7SBKKJ1" failures="0" tests="15" name="mergeSMR_North_Zone.AutoDialer_SMR_Report" time="266.819" errors="0" timestamp="2024-12-12T18:20:37 IST" skipped="0">
  <testcase classname="mergeSMR_North_Zone.AutoDialer_SMR_Report" name="Click_On_Report" time="3.353"/>
  <system-out/>
  <testcase classname="mergeSMR_North_Zone.AutoDialer_SMR_Report" name="Click_On_AutoDialer_REPORT" time="7.289"/>
  <system-out/>
  <testcase classname="mergeSMR_North_Zone.AutoDialer_SMR_Report" name="Zone_And_Region_Wise_Tab" time="29.288"/>
  <system-out/>
  <testcase classname="mergeSMR_North_Zone.AutoDialer_SMR_Report" name="Data_Verification_Zone_And_Region_Wise" time="0.083"/>
  <system-out/>
  <testcase classname="mergeSMR_North_Zone.AutoDialer_SMR_Report" name="Dealer_Parent_Group_Wise_Tab" time="40.452"/>
  <system-out/>
  <testcase classname="mergeSMR_North_Zone.AutoDialer_SMR_Report" name="Data_Verification_Dealer_Parent_Group_Wise_Tab" time="0.030"/>
  <system-out/>
  <testcase classname="mergeSMR_North_Zone.AutoDialer_SMR_Report" name="Workshop_Wise_Tab" time="40.411"/>
  <system-out/>
  <testcase classname="mergeSMR_North_Zone.AutoDialer_SMR_Report" name="Data_Verification_Workshop_Wise_Tab" time="0.043"/>
  <system-out/>
  <testcase classname="mergeSMR_North_Zone.AutoDialer_SMR_Report" name="Day_Wise_Tab" time="40.372"/>
  <system-out/>
  <testcase classname="mergeSMR_North_Zone.AutoDialer_SMR_Report" name="Data_Verification_Day_Wise_Tab" time="0.051"/>
  <system-out/>
  <testcase classname="mergeSMR_North_Zone.AutoDialer_SMR_Report" name="SMRE_Wise_Tab" time="40.488"/>
  <system-out/>
  <testcase classname="mergeSMR_North_Zone.AutoDialer_SMR_Report" name="Data_Verification_SMRE_Wise_Tab" time="0.031"/>
  <system-out/>
  <testcase classname="mergeSMR_North_Zone.AutoDialer_SMR_Report" name="Dump_Wise_Tab" time="52.856"/>
  <system-out/>
  <testcase classname="mergeSMR_North_Zone.AutoDialer_SMR_Report" name="Data_Verification_Dump_Wise_Tab" time="0.030"/>
  <system-out/>
  <testcase classname="mergeSMR_North_Zone.AutoDialer_SMR_Report" name="Download_Dump_Wise_Report" time="12.042"/>
  <system-out/>
</testsuite> <!-- mergeSMR_North_Zone.AutoDialer_SMR_Report -->
