<?xml version="1.0" encoding="UTF-8"?>
<!-- Generated by org.testng.reporters.JUnitReportReporter -->
<testsuite hostname="DESKTOP-7SBKKJ1" failures="0" tests="8" name="USER_Admin_Reports.Dialer_Whattasp_Anlaysis" time="13.020" errors="0" timestamp="2024-12-11T18:24:34 IST" skipped="0">
  <testcase classname="USER_Admin_Reports.Dialer_Whattasp_Anlaysis" name="Username" time="0.716"/>
  <system-out/>
  <testcase classname="USER_Admin_Reports.Dialer_Whattasp_Anlaysis" name="Password" time="0.951"/>
  <system-out/>
  <testcase classname="USER_Admin_Reports.Dialer_Whattasp_Anlaysis" name="Captcha" time="0.711"/>
  <system-out/>
  <testcase classname="USER_Admin_Reports.Dialer_Whattasp_Anlaysis" name="SUBMIT_Button" time="0.178"/>
  <system-out/>
  <testcase classname="USER_Admin_Reports.Dialer_Whattasp_Anlaysis" name="Remove_PouP" time="0.722"/>
  <system-out/>
  <testcase classname="USER_Admin_Reports.Dialer_Whattasp_Anlaysis" name="Click_On_Reports" time="5.675"/>
  <system-out/>
  <testcase classname="USER_Admin_Reports.Dialer_Whattasp_Anlaysis" name="Click_On_Dialer_Whattasp_Anlaysis" time="0.143"/>
  <system-out/>
  <testcase classname="USER_Admin_Reports.Dialer_Whattasp_Anlaysis" name="Verify_Dialer_Whattasp_Anlaysis_Data" time="3.924"/>
  <system-out/>
</testsuite> <!-- USER_Admin_Reports.Dialer_Whattasp_Anlaysis -->
