<?xml version="1.0" encoding="UTF-8"?>
<!-- Generated by org.testng.reporters.JUnitReportReporter -->
<testsuite hostname="DESKTOP-7SBKKJ1" failures="0" tests="5" name="USER_Admin_Reports.Login_Admin" time="3.673" errors="0" timestamp="2024-12-25T11:19:37 IST" skipped="0">
  <testcase classname="USER_Admin_Reports.Login_Admin" name="Username" time="0.968"/>
  <system-out/>
  <testcase classname="USER_Admin_Reports.Login_Admin" name="Password" time="1.072"/>
  <system-out/>
  <testcase classname="USER_Admin_Reports.Login_Admin" name="Captcha" time="0.778"/>
  <system-out/>
  <testcase classname="USER_Admin_Reports.Login_Admin" name="SUBMIT_Button" time="0.189"/>
  <system-out/>
  <testcase classname="USER_Admin_Reports.Login_Admin" name="Remove_PouP" time="0.666"/>
  <system-out/>
</testsuite> <!-- USER_Admin_Reports.Login_Admin -->
