<?xml version="1.0" encoding="UTF-8"?>
<!-- Generated by org.testng.reporters.JUnitReportReporter -->
<testsuite hostname="DESKTOP-7SBKKJ1" failures="0" tests="8" name="USER_Admin_Reports.Auto_Dialer_report" time="13.581" errors="0" timestamp="2024-12-11T18:24:34 IST" skipped="0">
  <testcase classname="USER_Admin_Reports.Auto_Dialer_report" name="Username" time="0.821"/>
  <system-out/>
  <testcase classname="USER_Admin_Reports.Auto_Dialer_report" name="Password" time="1.010"/>
  <system-out/>
  <testcase classname="USER_Admin_Reports.Auto_Dialer_report" name="Captcha" time="0.736"/>
  <system-out/>
  <testcase classname="USER_Admin_Reports.Auto_Dialer_report" name="SUBMIT_Button" time="0.251"/>
  <system-out/>
  <testcase classname="USER_Admin_Reports.Auto_Dialer_report" name="Remove_PouP" time="0.764"/>
  <system-out/>
  <testcase classname="USER_Admin_Reports.Auto_Dialer_report" name="Click_On_Reports" time="6.552"/>
  <system-out/>
  <testcase classname="USER_Admin_Reports.Auto_Dialer_report" name="Click_On_Auto_Dialer_Report" time="0.141"/>
  <system-out/>
  <testcase classname="USER_Admin_Reports.Auto_Dialer_report" name="Verify_Auto_Dialer_Report_Data" time="3.306"/>
  <system-out/>
</testsuite> <!-- USER_Admin_Reports.Auto_Dialer_report -->
