<?xml version="1.0" encoding="UTF-8"?>
<!-- Generated by org.testng.reporters.JUnitReportReporter -->
<testsuite hostname="DESKTOP-7SBKKJ1" failures="0" tests="7" name="PSf_Static_Report_and_Call_Dispostion.Call_me_Later_for_Service_Rating" time="69.077" errors="0" timestamp="2024-12-05T14:26:19 IST" skipped="0">
  <testcase classname="PSf_Static_Report_and_Call_Dispostion.Call_me_Later_for_Service_Rating" name="Username" time="1.307"/>
  <system-out/>
  <testcase classname="PSf_Static_Report_and_Call_Dispostion.Call_me_Later_for_Service_Rating" name="Password" time="1.343"/>
  <system-out/>
  <testcase classname="PSf_Static_Report_and_Call_Dispostion.Call_me_Later_for_Service_Rating" name="Captcha" time="2.246"/>
  <system-out/>
  <testcase classname="PSf_Static_Report_and_Call_Dispostion.Call_me_Later_for_Service_Rating" name="SUBMIT_Button" time="2.196"/>
  <system-out/>
  <testcase classname="PSf_Static_Report_and_Call_Dispostion.Call_me_Later_for_Service_Rating" name="Click_On_PSF" time="21.252"/>
  <system-out/>
  <testcase classname="PSf_Static_Report_and_Call_Dispostion.Call_me_Later_for_Service_Rating" name="Remove_PouP" time="0.724"/>
  <system-out/>
  <testcase classname="PSf_Static_Report_and_Call_Dispostion.Call_me_Later_for_Service_Rating" name="PSF_Calibration_Due" time="40.009"/>
  <system-out/>
</testsuite> <!-- PSf_Static_Report_and_Call_Dispostion.Call_me_Later_for_Service_Rating -->
