<?xml version="1.0" encoding="UTF-8"?>
<!-- Generated by org.testng.reporters.JUnitReportReporter -->
<testsuite hostname="DESKTOP-7SBKKJ1" failures="0" tests="5" name="Excel_Sheet_Data.Smr" time="11.345" errors="0" timestamp="2024-12-23T11:51:43 IST" skipped="0">
  <testcase classname="Excel_Sheet_Data.Smr" name="Username" time="0.873"/>
  <system-out/>
  <testcase classname="Excel_Sheet_Data.Smr" name="Password" time="1.149"/>
  <system-out/>
  <testcase classname="Excel_Sheet_Data.Smr" name="Captcha" time="1.222"/>
  <system-out/>
  <testcase classname="Excel_Sheet_Data.Smr" name="SUBMIT_Button" time="7.436"/>
  <system-out/>
  <testcase classname="Excel_Sheet_Data.Smr" name="Remove_PouP" time="0.665"/>
  <system-out/>
</testsuite> <!-- Excel_Sheet_Data.Smr -->
