<?xml version="1.0" encoding="UTF-8"?>
<!-- Generated by org.testng.reporters.JUnitReportReporter -->
<testsuite hostname="DESKTOP-7SBKKJ1" failures="0" tests="12" name="SMR_Call_Dispostion_Data_Check_And_CCM_Reports.CCM_Website_Lead_report" time="133.956" errors="0" timestamp="2024-12-03T18:12:17 IST" skipped="0">
  <testcase classname="SMR_Call_Dispostion_Data_Check_And_CCM_Reports.CCM_Website_Lead_report" name="Username" time="1.440"/>
  <system-out/>
  <testcase classname="SMR_Call_Dispostion_Data_Check_And_CCM_Reports.CCM_Website_Lead_report" name="Password" time="1.434"/>
  <system-out/>
  <testcase classname="SMR_Call_Dispostion_Data_Check_And_CCM_Reports.CCM_Website_Lead_report" name="Captcha" time="2.298"/>
  <system-out/>
  <testcase classname="SMR_Call_Dispostion_Data_Check_And_CCM_Reports.CCM_Website_Lead_report" name="SUBMIT_Button" time="2.183"/>
  <system-out/>
  <testcase classname="SMR_Call_Dispostion_Data_Check_And_CCM_Reports.CCM_Website_Lead_report" name="Click_On_SMR" time="17.481"/>
  <system-out/>
  <testcase classname="SMR_Call_Dispostion_Data_Check_And_CCM_Reports.CCM_Website_Lead_report" name="Click_Reports" time="1.088"/>
  <system-out/>
  <testcase classname="SMR_Call_Dispostion_Data_Check_And_CCM_Reports.CCM_Website_Lead_report" name="Click_On_Website_lead_Report" time="16.083"/>
  <system-out/>
  <testcase classname="SMR_Call_Dispostion_Data_Check_And_CCM_Reports.CCM_Website_Lead_report" name="Dealer_Parent_Group_Wise" time="23.636"/>
  <system-out/>
  <testcase classname="SMR_Call_Dispostion_Data_Check_And_CCM_Reports.CCM_Website_Lead_report" name="WorkShop_Wise" time="23.173"/>
  <system-out/>
  <testcase classname="SMR_Call_Dispostion_Data_Check_And_CCM_Reports.CCM_Website_Lead_report" name="Day_Wise" time="23.080"/>
  <system-out/>
  <testcase classname="SMR_Call_Dispostion_Data_Check_And_CCM_Reports.CCM_Website_Lead_report" name="SMRE_Wise" time="22.060"/>
  <system-out/>
  <testcase classname="SMR_Call_Dispostion_Data_Check_And_CCM_Reports.CCM_Website_Lead_report" name="Comparison_0f_all_Data" time="0.000"/>
  <system-out/>
</testsuite> <!-- SMR_Call_Dispostion_Data_Check_And_CCM_Reports.CCM_Website_Lead_report -->
