<?xml version="1.0" encoding="UTF-8"?>
<!-- Generated by org.testng.reporters.JUnitReportReporter -->
<testsuite hostname="DESKTOP-7SBKKJ1" failures="0" tests="4" name="SMR_Call_Dispostion_Data_Check_And_CCM_Reports.LOgin_CCM" time="6.991" errors="0" timestamp="2024-11-28T13:53:41 IST" skipped="0">
  <testcase classname="SMR_Call_Dispostion_Data_Check_And_CCM_Reports.LOgin_CCM" name="Username" time="1.216"/>
  <system-out/>
  <testcase classname="SMR_Call_Dispostion_Data_Check_And_CCM_Reports.LOgin_CCM" name="Password" time="1.330"/>
  <system-out/>
  <testcase classname="SMR_Call_Dispostion_Data_Check_And_CCM_Reports.LOgin_CCM" name="Captcha" time="2.229"/>
  <system-out/>
  <testcase classname="SMR_Call_Dispostion_Data_Check_And_CCM_Reports.LOgin_CCM" name="SUBMIT_Button" time="2.216"/>
  <system-out/>
</testsuite> <!-- SMR_Call_Dispostion_Data_Check_And_CCM_Reports.LOgin_CCM -->
