<?xml version="1.0" encoding="UTF-8"?>
<!-- Generated by org.testng.reporters.JUnitReportReporter -->
<testsuite hostname="DESKTOP-7SBKKJ1" failures="0" tests="13" name="mergeSMR_North_Zone.Prelimnary_NPS_report" time="158.855" errors="0" timestamp="2024-12-12T18:20:38 IST" skipped="0">
  <testcase classname="mergeSMR_North_Zone.Prelimnary_NPS_report" name="Username" time="0.754"/>
  <system-out/>
  <testcase classname="mergeSMR_North_Zone.Prelimnary_NPS_report" name="Password" time="1.026"/>
  <system-out/>
  <testcase classname="mergeSMR_North_Zone.Prelimnary_NPS_report" name="Captcha" time="3.160"/>
  <system-out/>
  <testcase classname="mergeSMR_North_Zone.Prelimnary_NPS_report" name="SUBMIT_Button" time="16.306"/>
  <system-out/>
  <testcase classname="mergeSMR_North_Zone.Prelimnary_NPS_report" name="Remove_PouP" time="0.711"/>
  <system-out/>
  <testcase classname="mergeSMR_North_Zone.Prelimnary_NPS_report" name="Click_On_PSF_Reports" time="1.142"/>
  <system-out/>
  <testcase classname="mergeSMR_North_Zone.Prelimnary_NPS_report" name="Click_On_Preliminary_NPS_Report" time="5.098"/>
  <system-out/>
  <testcase classname="mergeSMR_North_Zone.Prelimnary_NPS_report" name="Click_On_Zone_And_Region_wise" time="30.854"/>
  <system-out/>
  <testcase classname="mergeSMR_North_Zone.Prelimnary_NPS_report" name="Click_On_Dealer_Parent_Group_wise" time="25.004"/>
  <system-out/>
  <testcase classname="mergeSMR_North_Zone.Prelimnary_NPS_report" name="Click_On_Workshop_wise" time="24.848"/>
  <system-out/>
  <testcase classname="mergeSMR_North_Zone.Prelimnary_NPS_report" name="Click_On_Day_Wise" time="24.889"/>
  <system-out/>
  <testcase classname="mergeSMR_North_Zone.Prelimnary_NPS_report" name="Click_On_Service_Type_Wise" time="25.063"/>
  <system-out/>
  <testcase classname="mergeSMR_North_Zone.Prelimnary_NPS_report" name="Comparison_0f_all_Data" time="0.000"/>
  <system-out/>
</testsuite> <!-- mergeSMR_North_Zone.Prelimnary_NPS_report -->
