<?xml version="1.0" encoding="UTF-8"?>
<!-- Generated by org.testng.reporters.JUnitReportReporter -->
<testsuite hostname="DESKTOP-7SBKKJ1" failures="0" tests="7" name="SMR_Call_Dispostion_Data_Check_And_CCM_Reports.Low_Mileage" time="88.031" errors="0" timestamp="2024-12-03T18:12:18 IST" skipped="0">
  <testcase classname="SMR_Call_Dispostion_Data_Check_And_CCM_Reports.Low_Mileage" name="Username" time="0.946"/>
  <system-out/>
  <testcase classname="SMR_Call_Dispostion_Data_Check_And_CCM_Reports.Low_Mileage" name="Password" time="0.975"/>
  <system-out/>
  <testcase classname="SMR_Call_Dispostion_Data_Check_And_CCM_Reports.Low_Mileage" name="Captcha" time="3.236"/>
  <system-out/>
  <testcase classname="SMR_Call_Dispostion_Data_Check_And_CCM_Reports.Low_Mileage" name="SUBMIT_Button" time="16.260"/>
  <system-out/>
  <testcase classname="SMR_Call_Dispostion_Data_Check_And_CCM_Reports.Low_Mileage" name="Remove_PouP" time="0.675"/>
  <system-out/>
  <testcase classname="SMR_Call_Dispostion_Data_Check_And_CCM_Reports.Low_Mileage" name="Click_On_MY_Leads" time="18.852"/>
  <system-out/>
  <testcase classname="SMR_Call_Dispostion_Data_Check_And_CCM_Reports.Low_Mileage" name="click_On_first_Customer" time="47.087"/>
  <system-out/>
</testsuite> <!-- SMR_Call_Dispostion_Data_Check_And_CCM_Reports.Low_Mileage -->
