<?xml version="1.0" encoding="UTF-8"?>
<!-- Generated by org.testng.reporters.JUnitReportReporter -->
<testsuite hostname="DESKTOP-7SBKKJ1" failures="0" tests="7" name="SMR_Call_Dispostion_Data_Check_And_CCM_Reports.Vehicle_Sold_To_New_Owner" time="109.952" errors="0" timestamp="2024-12-03T18:12:17 IST" skipped="0">
  <testcase classname="SMR_Call_Dispostion_Data_Check_And_CCM_Reports.Vehicle_Sold_To_New_Owner" name="Username" time="0.811"/>
  <system-out/>
  <testcase classname="SMR_Call_Dispostion_Data_Check_And_CCM_Reports.Vehicle_Sold_To_New_Owner" name="Password" time="1.149"/>
  <system-out/>
  <testcase classname="SMR_Call_Dispostion_Data_Check_And_CCM_Reports.Vehicle_Sold_To_New_Owner" name="Captcha" time="3.213"/>
  <system-out/>
  <testcase classname="SMR_Call_Dispostion_Data_Check_And_CCM_Reports.Vehicle_Sold_To_New_Owner" name="SUBMIT_Button" time="16.189"/>
  <system-out/>
  <testcase classname="SMR_Call_Dispostion_Data_Check_And_CCM_Reports.Vehicle_Sold_To_New_Owner" name="Click_On_MY_Leads" time="20.771"/>
  <system-out/>
  <testcase classname="SMR_Call_Dispostion_Data_Check_And_CCM_Reports.Vehicle_Sold_To_New_Owner" name="Remove_PouP" time="0.687"/>
  <system-out/>
  <testcase classname="SMR_Call_Dispostion_Data_Check_And_CCM_Reports.Vehicle_Sold_To_New_Owner" name="click_On_first_Customer" time="67.132"/>
  <system-out/>
</testsuite> <!-- SMR_Call_Dispostion_Data_Check_And_CCM_Reports.Vehicle_Sold_To_New_Owner -->
