<?xml version="1.0" encoding="UTF-8"?>
<!-- Generated by org.testng.reporters.JUnitReportReporter -->
<testsuite hostname="DESKTOP-7SBKKJ1" failures="0" tests="10" name="USER_Admin_Reports.Admin_User_Ip_Range_Negative_Scenario" time="9.693" errors="0" timestamp="2024-12-11T18:24:34 IST" skipped="0">
  <testcase classname="USER_Admin_Reports.Admin_User_Ip_Range_Negative_Scenario" name="Username" time="0.856"/>
  <system-out/>
  <testcase classname="USER_Admin_Reports.Admin_User_Ip_Range_Negative_Scenario" name="Password" time="0.947"/>
  <system-out/>
  <testcase classname="USER_Admin_Reports.Admin_User_Ip_Range_Negative_Scenario" name="Captcha" time="0.743"/>
  <system-out/>
  <testcase classname="USER_Admin_Reports.Admin_User_Ip_Range_Negative_Scenario" name="SUBMIT_Button" time="0.173"/>
  <system-out/>
  <testcase classname="USER_Admin_Reports.Admin_User_Ip_Range_Negative_Scenario" name="Remove_PouP" time="0.653"/>
  <system-out/>
  <testcase classname="USER_Admin_Reports.Admin_User_Ip_Range_Negative_Scenario" name="Click_On_User_Management" time="4.691"/>
  <system-out/>
  <testcase classname="USER_Admin_Reports.Admin_User_Ip_Range_Negative_Scenario" name="Click_On_User_Ip_Restriction" time="0.069"/>
  <system-out/>
  <testcase classname="USER_Admin_Reports.Admin_User_Ip_Range_Negative_Scenario" name="Click_On_Employe_Name" time="0.850"/>
  <system-out/>
  <testcase classname="USER_Admin_Reports.Admin_User_Ip_Range_Negative_Scenario" name="Click_On_Update_Ip_Range" time="0.462"/>
  <system-out/>
  <testcase classname="USER_Admin_Reports.Admin_User_Ip_Range_Negative_Scenario" name="Updated_succesfully" time="0.249"/>
  <system-out/>
</testsuite> <!-- USER_Admin_Reports.Admin_User_Ip_Range_Negative_Scenario -->
