<?xml version="1.0" encoding="UTF-8"?>
<!-- Generated by org.testng.reporters.JUnitReportReporter -->
<testsuite hostname="DESKTOP-7SBKKJ1" failures="0" tests="7" name="SMR_Call_Dispostion_Data_Check_And_CCM_Reports.REFUSE_FOR_SERVICE_Dissatisfied_with_Service" time="139.206" errors="0" timestamp="2024-12-16T16:07:04 IST" skipped="0">
  <testcase classname="SMR_Call_Dispostion_Data_Check_And_CCM_Reports.REFUSE_FOR_SERVICE_Dissatisfied_with_Service" name="Username" time="0.877"/>
  <system-out/>
  <testcase classname="SMR_Call_Dispostion_Data_Check_And_CCM_Reports.REFUSE_FOR_SERVICE_Dissatisfied_with_Service" name="Password" time="1.213"/>
  <system-out/>
  <testcase classname="SMR_Call_Dispostion_Data_Check_And_CCM_Reports.REFUSE_FOR_SERVICE_Dissatisfied_with_Service" name="Captcha" time="3.343"/>
  <system-out/>
  <testcase classname="SMR_Call_Dispostion_Data_Check_And_CCM_Reports.REFUSE_FOR_SERVICE_Dissatisfied_with_Service" name="SUBMIT_Button" time="16.245"/>
  <system-out/>
  <testcase classname="SMR_Call_Dispostion_Data_Check_And_CCM_Reports.REFUSE_FOR_SERVICE_Dissatisfied_with_Service" name="Remove_PouP" time="0.654"/>
  <system-out/>
  <testcase classname="SMR_Call_Dispostion_Data_Check_And_CCM_Reports.REFUSE_FOR_SERVICE_Dissatisfied_with_Service" name="Click_On_MY_Leads" time="19.037"/>
  <system-out/>
  <testcase classname="SMR_Call_Dispostion_Data_Check_And_CCM_Reports.REFUSE_FOR_SERVICE_Dissatisfied_with_Service" name="click_On_first_Customer" time="97.837"/>
  <system-out/>
</testsuite> <!-- SMR_Call_Dispostion_Data_Check_And_CCM_Reports.REFUSE_FOR_SERVICE_Dissatisfied_with_Service -->
