<?xml version="1.0" encoding="UTF-8"?>
<!-- Generated by org.testng.reporters.JUnitReportReporter -->
<testsuite hostname="DESKTOP-7SBKKJ1" failures="0" tests="1" name="Excel_Sheet_Data.excel_Data_Match" time="0.022" errors="0" timestamp="2024-12-26T17:19:00 IST" skipped="0">
  <testcase classname="Excel_Sheet_Data.excel_Data_Match" name="excelData" time="0.022"/>
  <system-out/>
</testsuite> <!-- Excel_Sheet_Data.excel_Data_Match -->
