<?xml version="1.0" encoding="UTF-8"?>
<!-- Generated by org.testng.reporters.JUnitReportReporter -->
<testsuite hostname="DESKTOP-7SBKKJ1" failures="0" tests="10" name="USER_Admin_Reports.Remove_Ip_Restriction_In_Admin" time="11.790" errors="0" timestamp="2024-12-11T18:24:34 IST" skipped="0">
  <testcase classname="USER_Admin_Reports.Remove_Ip_Restriction_In_Admin" name="Username" time="0.783"/>
  <system-out/>
  <testcase classname="USER_Admin_Reports.Remove_Ip_Restriction_In_Admin" name="Password" time="1.026"/>
  <system-out/>
  <testcase classname="USER_Admin_Reports.Remove_Ip_Restriction_In_Admin" name="Captcha" time="0.744"/>
  <system-out/>
  <testcase classname="USER_Admin_Reports.Remove_Ip_Restriction_In_Admin" name="SUBMIT_Button" time="0.156"/>
  <system-out/>
  <testcase classname="USER_Admin_Reports.Remove_Ip_Restriction_In_Admin" name="Remove_PouP" time="0.657"/>
  <system-out/>
  <testcase classname="USER_Admin_Reports.Remove_Ip_Restriction_In_Admin" name="Click_On_User_Management" time="5.075"/>
  <system-out/>
  <testcase classname="USER_Admin_Reports.Remove_Ip_Restriction_In_Admin" name="Click_On_User_Ip_Restriction" time="0.126"/>
  <system-out/>
  <testcase classname="USER_Admin_Reports.Remove_Ip_Restriction_In_Admin" name="Click_On_Employe_Name" time="2.135"/>
  <system-out/>
  <testcase classname="USER_Admin_Reports.Remove_Ip_Restriction_In_Admin" name="Click_On_Update_Ip_Range" time="0.672"/>
  <system-out/>
  <testcase classname="USER_Admin_Reports.Remove_Ip_Restriction_In_Admin" name="Updated_succesfully" time="0.416"/>
  <system-out/>
</testsuite> <!-- USER_Admin_Reports.Remove_Ip_Restriction_In_Admin -->
