<?xml version="1.0" encoding="UTF-8"?>
<!-- Generated by org.testng.reporters.JUnitReportReporter -->
<testsuite hostname="DESKTOP-7SBKKJ1" failures="0" tests="7" name="SMR_Call_Dispostion_Data_Check_And_CCM_Reports.REFUSE_FOR_SERVICE_Transfer_To_New_Location" time="125.434" errors="0" timestamp="2024-12-03T18:12:18 IST" skipped="0">
  <testcase classname="SMR_Call_Dispostion_Data_Check_And_CCM_Reports.REFUSE_FOR_SERVICE_Transfer_To_New_Location" name="Username" time="0.765"/>
  <system-out/>
  <testcase classname="SMR_Call_Dispostion_Data_Check_And_CCM_Reports.REFUSE_FOR_SERVICE_Transfer_To_New_Location" name="Password" time="0.948"/>
  <system-out/>
  <testcase classname="SMR_Call_Dispostion_Data_Check_And_CCM_Reports.REFUSE_FOR_SERVICE_Transfer_To_New_Location" name="Captcha" time="3.304"/>
  <system-out/>
  <testcase classname="SMR_Call_Dispostion_Data_Check_And_CCM_Reports.REFUSE_FOR_SERVICE_Transfer_To_New_Location" name="SUBMIT_Button" time="16.239"/>
  <system-out/>
  <testcase classname="SMR_Call_Dispostion_Data_Check_And_CCM_Reports.REFUSE_FOR_SERVICE_Transfer_To_New_Location" name="Remove_PouP" time="0.687"/>
  <system-out/>
  <testcase classname="SMR_Call_Dispostion_Data_Check_And_CCM_Reports.REFUSE_FOR_SERVICE_Transfer_To_New_Location" name="Click_On_MY_Leads" time="18.805"/>
  <system-out/>
  <testcase classname="SMR_Call_Dispostion_Data_Check_And_CCM_Reports.REFUSE_FOR_SERVICE_Transfer_To_New_Location" name="click_On_first_Customer" time="84.686"/>
  <system-out/>
</testsuite> <!-- SMR_Call_Dispostion_Data_Check_And_CCM_Reports.REFUSE_FOR_SERVICE_Transfer_To_New_Location -->
