<?xml version="1.0" encoding="UTF-8"?>
<!-- Generated by org.testng.reporters.JUnitReportReporter -->
<testsuite hostname="DESKTOP-7SBKKJ1" failures="0" tests="8" name="SMR_Call_Dispostion_Data_Check_And_CCM_Reports.SMR_Dashboard_Data_Check" time="56.333" errors="0" timestamp="2024-12-03T18:12:17 IST" skipped="0">
  <testcase classname="SMR_Call_Dispostion_Data_Check_And_CCM_Reports.SMR_Dashboard_Data_Check" name="Username" time="1.056"/>
  <system-out/>
  <testcase classname="SMR_Call_Dispostion_Data_Check_And_CCM_Reports.SMR_Dashboard_Data_Check" name="Password" time="0.992"/>
  <system-out/>
  <testcase classname="SMR_Call_Dispostion_Data_Check_And_CCM_Reports.SMR_Dashboard_Data_Check" name="Captcha" time="3.243"/>
  <system-out/>
  <testcase classname="SMR_Call_Dispostion_Data_Check_And_CCM_Reports.SMR_Dashboard_Data_Check" name="SUBMIT_Button" time="16.191"/>
  <system-out/>
  <testcase classname="SMR_Call_Dispostion_Data_Check_And_CCM_Reports.SMR_Dashboard_Data_Check" name="Remove_PouP" time="0.679"/>
  <system-out/>
  <testcase classname="SMR_Call_Dispostion_Data_Check_And_CCM_Reports.SMR_Dashboard_Data_Check" name="Click_On_Dashboard" time="1.650"/>
  <system-out/>
  <testcase classname="SMR_Call_Dispostion_Data_Check_And_CCM_Reports.SMR_Dashboard_Data_Check" name="Click_On_Business_Metrics" time="16.264"/>
  <system-out/>
  <testcase classname="SMR_Call_Dispostion_Data_Check_And_CCM_Reports.SMR_Dashboard_Data_Check" name="Click_On_Agent_Metrics" time="16.258"/>
  <system-out/>
</testsuite> <!-- SMR_Call_Dispostion_Data_Check_And_CCM_Reports.SMR_Dashboard_Data_Check -->
