<?xml version="1.0" encoding="UTF-8"?>
<!-- Generated by org.testng.reporters.JUnitReportReporter -->
<testsuite hostname="DESKTOP-7SBKKJ1" failures="0" tests="8" name="USER_Admin_Reports.Poistive_Scenario_Ip_Restriction" time="9.702" errors="0" timestamp="2024-12-11T18:24:34 IST" skipped="0">
  <testcase classname="USER_Admin_Reports.Poistive_Scenario_Ip_Restriction" name="Username" time="0.628"/>
  <system-out/>
  <testcase classname="USER_Admin_Reports.Poistive_Scenario_Ip_Restriction" name="Password" time="1.030"/>
  <system-out/>
  <testcase classname="USER_Admin_Reports.Poistive_Scenario_Ip_Restriction" name="Captcha" time="0.677"/>
  <system-out/>
  <testcase classname="USER_Admin_Reports.Poistive_Scenario_Ip_Restriction" name="SUBMIT_Button" time="0.235"/>
  <system-out/>
  <testcase classname="USER_Admin_Reports.Poistive_Scenario_Ip_Restriction" name="Remove_PouP" time="0.717"/>
  <system-out/>
  <testcase classname="USER_Admin_Reports.Poistive_Scenario_Ip_Restriction" name="Click_On_User_Management" time="4.257"/>
  <system-out/>
  <testcase classname="USER_Admin_Reports.Poistive_Scenario_Ip_Restriction" name="Click_On_User_Ip_Restriction" time="0.128"/>
  <system-out/>
  <testcase classname="USER_Admin_Reports.Poistive_Scenario_Ip_Restriction" name="Validate_Postive_Scenario" time="2.030"/>
  <system-out/>
</testsuite> <!-- USER_Admin_Reports.Poistive_Scenario_Ip_Restriction -->
