<?xml version="1.0" encoding="UTF-8"?>
<!-- Generated by org.testng.reporters.JUnitReportReporter -->
<testsuite hostname="DESKTOP-7SBKKJ1" failures="0" tests="6" name="PSf_Static_Report_and_Call_Dispostion.LOGINs" time="32.469" errors="0" timestamp="2024-12-05T12:30:40 IST" skipped="0">
  <testcase classname="PSf_Static_Report_and_Call_Dispostion.LOGINs" name="Username" time="1.501"/>
  <system-out/>
  <testcase classname="PSf_Static_Report_and_Call_Dispostion.LOGINs" name="Password" time="1.711"/>
  <system-out/>
  <testcase classname="PSf_Static_Report_and_Call_Dispostion.LOGINs" name="Captcha" time="2.397"/>
  <system-out/>
  <testcase classname="PSf_Static_Report_and_Call_Dispostion.LOGINs" name="SUBMIT_Button" time="2.329"/>
  <system-out/>
  <testcase classname="PSf_Static_Report_and_Call_Dispostion.LOGINs" name="Click_On_PSF" time="23.703"/>
  <system-out/>
  <testcase classname="PSf_Static_Report_and_Call_Dispostion.LOGINs" name="Remove_PouP" time="0.828"/>
  <system-out/>
</testsuite> <!-- PSf_Static_Report_and_Call_Dispostion.LOGINs -->
