<?xml version="1.0" encoding="UTF-8"?>
<!-- Generated by org.testng.reporters.JUnitReportReporter -->
<testsuite hostname="DESKTOP-7SBKKJ1" failures="0" tests="5" name="mergeSMR_North_Zone.LOGIN" time="24.557" errors="0" timestamp="2024-12-23T11:38:17 IST" skipped="0">
  <testcase classname="mergeSMR_North_Zone.LOGIN" name="Username" time="0.927"/>
  <system-out/>
  <testcase classname="mergeSMR_North_Zone.LOGIN" name="Password" time="1.081"/>
  <system-out/>
  <testcase classname="mergeSMR_North_Zone.LOGIN" name="Captcha" time="2.253"/>
  <system-out/>
  <testcase classname="mergeSMR_North_Zone.LOGIN" name="SUBMIT_Button" time="16.274"/>
  <system-out/>
  <testcase classname="mergeSMR_North_Zone.LOGIN" name="Remove_PouP" time="4.022"/>
  <system-out/>
</testsuite> <!-- mergeSMR_North_Zone.LOGIN -->
