<?xml version="1.0" encoding="UTF-8"?>
<!-- Generated by org.testng.reporters.JUnitReportReporter -->
<testsuite hostname="DESKTOP-7SBKKJ1" failures="0" tests="4" name="mergeSMR_North_Zone.Dealer_subscription" time="19.792" errors="0" timestamp="2024-12-12T18:20:38 IST" skipped="0">
  <testcase classname="mergeSMR_North_Zone.Dealer_subscription" name="Click_On_Report" time="8.357"/>
  <system-out/>
  <testcase classname="mergeSMR_North_Zone.Dealer_subscription" name="Click_On_The_Dealer_Subscription" time="3.194"/>
  <system-out/>
  <testcase classname="mergeSMR_North_Zone.Dealer_subscription" name="Workshop_Wise" time="0.039"/>
  <system-out/>
  <testcase classname="mergeSMR_North_Zone.Dealer_subscription" name="Dealer_Parent_group_Wise" time="8.202"/>
  <system-out/>
</testsuite> <!-- mergeSMR_North_Zone.Dealer_subscription -->
