<?xml version="1.0" encoding="UTF-8"?>
<!-- Generated by org.testng.reporters.JUnitReportReporter -->
<testsuite hostname="DESKTOP-7SBKKJ1" failures="0" tests="8" name="USER_Admin_Reports.HyperLocal_Status_Report" time="12.163" errors="0" timestamp="2024-12-11T18:24:34 IST" skipped="0">
  <testcase classname="USER_Admin_Reports.HyperLocal_Status_Report" name="Username" time="0.632"/>
  <system-out/>
  <testcase classname="USER_Admin_Reports.HyperLocal_Status_Report" name="Password" time="1.179"/>
  <system-out/>
  <testcase classname="USER_Admin_Reports.HyperLocal_Status_Report" name="Captcha" time="0.852"/>
  <system-out/>
  <testcase classname="USER_Admin_Reports.HyperLocal_Status_Report" name="SUBMIT_Button" time="0.282"/>
  <system-out/>
  <testcase classname="USER_Admin_Reports.HyperLocal_Status_Report" name="Remove_PouP" time="0.720"/>
  <system-out/>
  <testcase classname="USER_Admin_Reports.HyperLocal_Status_Report" name="Click_On_Reports" time="4.888"/>
  <system-out/>
  <testcase classname="USER_Admin_Reports.HyperLocal_Status_Report" name="Click_On_Hyperlocal_Status" time="0.136"/>
  <system-out/>
  <testcase classname="USER_Admin_Reports.HyperLocal_Status_Report" name="Verify_Dialer_Call_Analysis_Data" time="3.474"/>
  <system-out/>
</testsuite> <!-- USER_Admin_Reports.HyperLocal_Status_Report -->
