<?xml version="1.0" encoding="UTF-8"?>
<!-- Generated by org.testng.reporters.JUnitReportReporter -->
<testsuite hostname="DESKTOP-7SBKKJ1" failures="0" tests="1" name="USER_Admin_Reports.Validate_Ip_Range" time="4.709" errors="0" timestamp="2024-12-11T18:24:34 IST" skipped="0">
  <testcase classname="USER_Admin_Reports.Validate_Ip_Range" name="Validate_Ip_Restriction" time="4.709"/>
  <system-out/>
</testsuite> <!-- USER_Admin_Reports.Validate_Ip_Range -->
