<?xml version="1.0" encoding="UTF-8"?>
<!-- Generated by org.testng.reporters.JUnitReportReporter -->
<testsuite hostname="DESKTOP-7SBKKJ1" failures="0" tests="8" name="USER_Admin_Reports.UserListReports" time="9.847" errors="0" timestamp="2024-12-17T10:07:36 IST" skipped="0">
  <testcase classname="USER_Admin_Reports.UserListReports" name="Username" time="0.620"/>
  <system-out/>
  <testcase classname="USER_Admin_Reports.UserListReports" name="Password" time="0.671"/>
  <system-out/>
  <testcase classname="USER_Admin_Reports.UserListReports" name="Captcha" time="0.641"/>
  <system-out/>
  <testcase classname="USER_Admin_Reports.UserListReports" name="SUBMIT_Button" time="0.148"/>
  <system-out/>
  <testcase classname="USER_Admin_Reports.UserListReports" name="Remove_PouP" time="0.637"/>
  <system-out/>
  <testcase classname="USER_Admin_Reports.UserListReports" name="Click_On_Reports" time="5.032"/>
  <system-out/>
  <testcase classname="USER_Admin_Reports.UserListReports" name="Click_On_User_List" time="0.100"/>
  <system-out/>
  <testcase classname="USER_Admin_Reports.UserListReports" name="Verify_userlist_Data" time="1.998"/>
  <system-out/>
</testsuite> <!-- USER_Admin_Reports.UserListReports -->
