<?xml version="1.0" encoding="UTF-8"?>
<!-- Generated by org.testng.reporters.JUnitReportReporter -->
<testsuite hostname="DESKTOP-7SBKKJ1" failures="0" tests="8" name="USER_Admin_Reports.User_SMR_Due_Date_Wise_Reports" time="14.471" errors="0" timestamp="2024-12-11T18:24:34 IST" skipped="0">
  <testcase classname="USER_Admin_Reports.User_SMR_Due_Date_Wise_Reports" name="Username" time="0.678"/>
  <system-out/>
  <testcase classname="USER_Admin_Reports.User_SMR_Due_Date_Wise_Reports" name="Password" time="1.269"/>
  <system-out/>
  <testcase classname="USER_Admin_Reports.User_SMR_Due_Date_Wise_Reports" name="Captcha" time="0.729"/>
  <system-out/>
  <testcase classname="USER_Admin_Reports.User_SMR_Due_Date_Wise_Reports" name="SUBMIT_Button" time="0.214"/>
  <system-out/>
  <testcase classname="USER_Admin_Reports.User_SMR_Due_Date_Wise_Reports" name="Remove_PouP" time="0.771"/>
  <system-out/>
  <testcase classname="USER_Admin_Reports.User_SMR_Due_Date_Wise_Reports" name="Click_On_Reports" time="4.431"/>
  <system-out/>
  <testcase classname="USER_Admin_Reports.User_SMR_Due_Date_Wise_Reports" name="Click_On_SMR_Due_Date_Wise" time="0.099"/>
  <system-out/>
  <testcase classname="USER_Admin_Reports.User_SMR_Due_Date_Wise_Reports" name="Check_Data_In_Summary_Report" time="6.280"/>
  <system-out/>
</testsuite> <!-- USER_Admin_Reports.User_SMR_Due_Date_Wise_Reports -->
